<?xml version="1.0" encoding="UTF-8"?>
<!-- Generated by org.testng.reporters.JUnitXMLReporter -->
<testsuite hostname="LAPTOP-EUMPS0DJ" ignored="0" name="Test" tests="1" failures="0" timestamp="07 Jan 2020 04:12:25 GMT" time="0.291" errors="0">
  <testcase name="@BeforeTest setup" time="0.23" classname="com.gmailAccounts.Gmail_with_TestNG_For_Report">
    <failure type="java.lang.Error" message="Unresolved compilation problem: 
	VERSION_2_3_29 cannot be resolved or is not a field
">
      <![CDATA[java.lang.Error: Unresolved compilation problem: 
VERSION_2_3_29 cannot be resolved or is not a field

at com.aventstack.extentreports.reporter.BasicFileReporter.start(BasicFileReporter.java:98)
at com.aventstack.extentreports.ReportObservable.register(ReportObservable.java:191)
at java.util.Spliterators$ArraySpliterator.forEachRemaining(Spliterators.java:948)
at java.util.stream.ReferencePipeline$Head.forEach(ReferencePipeline.java:580)
at com.aventstack.extentreports.ExtentReports.attachReporter(ExtentReports.java:82)
at com.gmailAccounts.Gmail_with_TestNG_For_Report.setup(Gmail_with_TestNG_For_Report.java:37)
... Removed 24 stack frames]]>
    </failure>
  </testcase> <!-- @BeforeTest setup -->
  <testcase name="@AfterTest teardown" time="0.0" classname="com.gmailAccounts.Gmail_with_TestNG_For_Report">
    <skipped/>
  </testcase> <!-- @AfterTest teardown -->
  <testcase name="gmailLogin" time="0.0" classname="com.gmailAccounts.Gmail_with_TestNG_For_Report">
    <skipped/>
  </testcase> <!-- gmailLogin -->
</testsuite> <!-- Test -->
