<?xml version="1.0" encoding="UTF-8"?>
<testng-results skipped="0" failed="0" ignored="0" total="1" passed="1">
  <reporter-output>
  </reporter-output>
  <suite name="Suite" duration-ms="26954" started-at="2020-03-18T01:57:47Z" finished-at="2020-03-18T01:58:14Z">
    <groups>
    </groups>
    <test name="Test" duration-ms="26954" started-at="2020-03-18T01:57:47Z" finished-at="2020-03-18T01:58:14Z">
      <class name="com.gmailAccounts.Gmail_with_TestNG_For_Report">
        <test-method status="PASS" signature="setup()[pri:0, instance:com.gmailAccounts.Gmail_with_TestNG_For_Report@234bef66]" name="setup" is-config="true" duration-ms="13016" started-at="2020-03-18T01:57:47Z" finished-at="2020-03-18T01:58:00Z">
          <reporter-output>
          </reporter-output>
        </test-method> <!-- setup -->
        <test-method status="PASS" signature="setupExtentsReport()[pri:0, instance:com.gmailAccounts.Gmail_with_TestNG_For_Report@234bef66]" name="setupExtentsReport" is-config="true" duration-ms="408" started-at="2020-03-18T01:58:00Z" finished-at="2020-03-18T01:58:01Z">
          <reporter-output>
          </reporter-output>
        </test-method> <!-- setupExtentsReport -->
        <test-method status="PASS" signature="gmailLogin()[pri:0, instance:com.gmailAccounts.Gmail_with_TestNG_For_Report@234bef66]" name="gmailLogin" duration-ms="12364" started-at="2020-03-18T01:58:01Z" finished-at="2020-03-18T01:58:13Z">
          <reporter-output>
          </reporter-output>
        </test-method> <!-- gmailLogin -->
        <test-method status="PASS" signature="getExtendsReport()[pri:0, instance:com.gmailAccounts.Gmail_with_TestNG_For_Report@234bef66]" name="getExtendsReport" is-config="true" duration-ms="499" started-at="2020-03-18T01:58:13Z" finished-at="2020-03-18T01:58:14Z">
          <reporter-output>
          </reporter-output>
        </test-method> <!-- getExtendsReport -->
        <test-method status="PASS" signature="teardown()[pri:0, instance:com.gmailAccounts.Gmail_with_TestNG_For_Report@234bef66]" name="teardown" is-config="true" duration-ms="649" started-at="2020-03-18T01:58:14Z" finished-at="2020-03-18T01:58:14Z">
          <reporter-output>
          </reporter-output>
        </test-method> <!-- teardown -->
      </class> <!-- com.gmailAccounts.Gmail_with_TestNG_For_Report -->
    </test> <!-- Test -->
  </suite> <!-- Suite -->
</testng-results>
