<?xml version="1.0" encoding="UTF-8"?>
<testng-results skipped="0" failed="0" ignored="0" total="2" passed="2">
  <reporter-output>
  </reporter-output>
  <suite name="Suite" duration-ms="33794" started-at="2020-03-31T02:13:33Z" finished-at="2020-03-31T02:14:07Z">
    <groups>
    </groups>
    <test name="Test" duration-ms="33794" started-at="2020-03-31T02:13:33Z" finished-at="2020-03-31T02:14:07Z">
      <class name="com.gmailAccounts.TestNg_Framework">
        <test-method status="PASS" signature="setup()[pri:0, instance:com.gmailAccounts.TestNg_Framework@2096442d]" name="setup" is-config="true" duration-ms="11977" started-at="2020-03-31T02:13:33Z" finished-at="2020-03-31T02:13:45Z">
          <reporter-output>
          </reporter-output>
        </test-method> <!-- setup -->
        <test-method status="PASS" signature="gmailLogin()[pri:0, instance:com.gmailAccounts.TestNg_Framework@2096442d]" name="gmailLogin" duration-ms="12042" started-at="2020-03-31T02:13:45Z" finished-at="2020-03-31T02:13:57Z">
          <reporter-output>
          </reporter-output>
        </test-method> <!-- gmailLogin -->
        <test-method status="PASS" signature="EmailCount()[pri:0, instance:com.gmailAccounts.TestNg_Framework@2096442d]" name="EmailCount" duration-ms="9008" started-at="2020-03-31T02:13:57Z" depends-on-methods="com.gmailAccounts.TestNg_Framework.gmailLogin" finished-at="2020-03-31T02:14:06Z">
          <reporter-output>
          </reporter-output>
        </test-method> <!-- EmailCount -->
        <test-method status="PASS" signature="closegmail()[pri:0, instance:com.gmailAccounts.TestNg_Framework@2096442d]" name="closegmail" is-config="true" duration-ms="745" started-at="2020-03-31T02:14:06Z" finished-at="2020-03-31T02:14:07Z">
          <reporter-output>
          </reporter-output>
        </test-method> <!-- closegmail -->
      </class> <!-- com.gmailAccounts.TestNg_Framework -->
    </test> <!-- Test -->
  </suite> <!-- Suite -->
</testng-results>
