<?xml version="1.0" encoding="UTF-8"?>
<testng-results skipped="0" failed="0" ignored="0" total="2" passed="2">
  <reporter-output>
  </reporter-output>
  <suite name="Default suite" duration-ms="29616" started-at="2020-03-31T02:39:18Z" finished-at="2020-03-31T02:39:48Z">
    <groups>
    </groups>
    <test name="Default test" duration-ms="29616" started-at="2020-03-31T02:39:18Z" finished-at="2020-03-31T02:39:48Z">
      <class name="com.gmailAccounts.TestNg_Framework">
        <test-method status="PASS" signature="setup()[pri:0, instance:com.gmailAccounts.TestNg_Framework@6adede5]" name="setup" is-config="true" duration-ms="11811" started-at="2020-03-31T02:39:18Z" finished-at="2020-03-31T02:39:30Z">
          <reporter-output>
          </reporter-output>
        </test-method> <!-- setup -->
        <test-method status="PASS" signature="gmailLogin()[pri:0, instance:com.gmailAccounts.TestNg_Framework@6adede5]" name="gmailLogin" duration-ms="11590" started-at="2020-03-31T02:39:30Z" finished-at="2020-03-31T02:39:41Z">
          <reporter-output>
          </reporter-output>
        </test-method> <!-- gmailLogin -->
        <test-method status="PASS" signature="EmailCount()[pri:0, instance:com.gmailAccounts.TestNg_Framework@6adede5]" name="EmailCount" duration-ms="5372" started-at="2020-03-31T02:39:41Z" depends-on-methods="com.gmailAccounts.TestNg_Framework.gmailLogin" finished-at="2020-03-31T02:39:47Z">
          <reporter-output>
          </reporter-output>
        </test-method> <!-- EmailCount -->
        <test-method status="PASS" signature="closegmail()[pri:0, instance:com.gmailAccounts.TestNg_Framework@6adede5]" name="closegmail" is-config="true" duration-ms="818" started-at="2020-03-31T02:39:47Z" finished-at="2020-03-31T02:39:48Z">
          <reporter-output>
          </reporter-output>
        </test-method> <!-- closegmail -->
      </class> <!-- com.gmailAccounts.TestNg_Framework -->
    </test> <!-- Default test -->
  </suite> <!-- Default suite -->
</testng-results>
